Replace Part C1 C0805 in C:\Users\Vlad\Desktop\blok\Main_scheme.SchDoc with C0805 from NEW-MODUL.IntLib
Replace Part C2 C0805 in C:\Users\Vlad\Desktop\blok\Main_scheme.SchDoc with C0805 from NEW-MODUL.IntLib
Replace Part C3 C0805 in C:\Users\Vlad\Desktop\blok\Main_scheme.SchDoc with C0805 from NEW-MODUL.IntLib
Replace Part C4 C0805 in C:\Users\Vlad\Desktop\blok\Main_scheme.SchDoc with C0805 from NEW-MODUL.IntLib
Replace Part C5 Polarised Capacitor in C:\Users\Vlad\Desktop\blok\Main_scheme.SchDoc with Polarised Capacitor from Celestial Altium Library - altium_library.DbLib
Replace Part C6 Polarised Capacitor in C:\Users\Vlad\Desktop\blok\Main_scheme.SchDoc with Polarised Capacitor from Celestial Altium Library - altium_library.DbLib
Replace Part C7 C0805 in C:\Users\Vlad\Desktop\blok\Main_scheme.SchDoc with C0805 from NEW-MODUL.IntLib
Replace Part C8 C0805 in C:\Users\Vlad\Desktop\blok\Main_scheme.SchDoc with C0805 from NEW-MODUL.IntLib
Replace Part C9 Capacitor in C:\Users\Vlad\Desktop\blok\Main_scheme.SchDoc with Capacitor from Celestial Altium Library - altium_library.DbLib
Replace Part C10 C0805 in C:\Users\Vlad\Desktop\blok\Main_scheme.SchDoc with C0805 from NEW-MODUL.IntLib
Replace Part C11 Polarised Capacitor in C:\Users\Vlad\Desktop\blok\Main_scheme.SchDoc with Polarised Capacitor from Celestial Altium Library - altium_library.DbLib
Replace Part C12 Polarised Capacitor in C:\Users\Vlad\Desktop\blok\Main_scheme.SchDoc with Polarised Capacitor from Celestial Altium Library - altium_library.DbLib
Replace Part C13 Capacitor in C:\Users\Vlad\Desktop\blok\Main_scheme.SchDoc with Capacitor from Celestial Altium Library - altium_library.DbLib
Replace Part D1 Diode in C:\Users\Vlad\Desktop\blok\Main_scheme.SchDoc with Diode from Celestial Altium Library - altium_library.DbLib
Replace Part D2 Diode in C:\Users\Vlad\Desktop\blok\Main_scheme.SchDoc with Diode from Celestial Altium Library - altium_library.DbLib
Replace Part D3 MBR40250TG in C:\Users\Vlad\Desktop\blok\Main_scheme.SchDoc with MBR40250TG from SamacSys.SchLib
Replace Part DA1 LM358 in C:\Users\Vlad\Desktop\blok\Main_scheme.SchDoc with LM358 from NEW-MODUL.SchLib
Replace Part DA1 LM358 in C:\Users\Vlad\Desktop\blok\Main_scheme.SchDoc with LM358 from NEW-MODUL.SchLib
Replace Part DA1 LM358 in C:\Users\Vlad\Desktop\blok\Main_scheme.SchDoc with LM358 from NEW-MODUL.SchLib
Replace Part IC1 L7815CP in C:\Users\Vlad\Desktop\blok\Main_scheme.SchDoc with L7815CP from SamacSys.SchLib
Replace Part IC2 LM7805MPX_NOPB in C:\Users\Vlad\Desktop\blok\Main_scheme.SchDoc with LM7805MPX_NOPB from SamacSys.SchLib
Replace Part IC3 LM2576-ADJ in C:\Users\Vlad\Desktop\blok\Main_scheme.SchDoc with LM2576-ADJ from Components.SchLib
Replace Part IC4 ACS712ELCTR-05B-T in C:\Users\Vlad\Desktop\blok\Main_scheme.SchDoc with ACS712ELCTR-05B-T from SamacSys.SchLib
Replace Part IC5 UCC27322 in C:\Users\Vlad\Desktop\blok\Main_scheme.SchDoc with UCC27322 from Components.SchLib
Replace Part L1 Inductor in C:\Users\Vlad\Desktop\blok\Main_scheme.SchDoc with Inductor from Components.SchLib
Replace Part Q1 IRFP250N in C:\Users\Vlad\Desktop\blok\Main_scheme.SchDoc with IRFP250N from SamacSys.SchLib
Replace Part R1 R0805 in C:\Users\Vlad\Desktop\blok\Main_scheme.SchDoc with R0805 from NEW-MODUL.IntLib
Replace Part R2 R0805 in C:\Users\Vlad\Desktop\blok\Main_scheme.SchDoc with R0805 from NEW-MODUL.IntLib
Replace Part R3 R0805 in C:\Users\Vlad\Desktop\blok\Main_scheme.SchDoc with R0805 from NEW-MODUL.IntLib
Replace Part R4 R0805 in C:\Users\Vlad\Desktop\blok\Main_scheme.SchDoc with R0805 from NEW-MODUL.IntLib
Replace Part R5 R0805 in C:\Users\Vlad\Desktop\blok\Main_scheme.SchDoc with R0805 from NEW-MODUL.IntLib
Replace Part R6 R0805 in C:\Users\Vlad\Desktop\blok\Main_scheme.SchDoc with R0805 from NEW-MODUL.IntLib
Replace Part R7 R0805 in C:\Users\Vlad\Desktop\blok\Main_scheme.SchDoc with R0805 from NEW-MODUL.IntLib
Replace Part R8 R0805 in C:\Users\Vlad\Desktop\blok\Main_scheme.SchDoc with R0805 from NEW-MODUL.IntLib
Replace Part R9 R0805 in C:\Users\Vlad\Desktop\blok\Main_scheme.SchDoc with R0805 from NEW-MODUL.IntLib
Replace Part R10 R0805 in C:\Users\Vlad\Desktop\blok\Main_scheme.SchDoc with R0805 from NEW-MODUL.IntLib
Replace Part R11 MLT05W in C:\Users\Vlad\Desktop\blok\Main_scheme.SchDoc with MLT05W from NEW-MODUL.IntLib
Replace Part R12 MLT05W in C:\Users\Vlad\Desktop\blok\Main_scheme.SchDoc with MLT05W from NEW-MODUL.IntLib
Replace Part R13 R0805 in C:\Users\Vlad\Desktop\blok\Main_scheme.SchDoc with R0805 from NEW-MODUL.IntLib
Replace Part R14 MLT05W in C:\Users\Vlad\Desktop\blok\Main_scheme.SchDoc with MLT05W from NEW-MODUL.IntLib
Replace Part R15 R0805 in C:\Users\Vlad\Desktop\blok\Main_scheme.SchDoc with R0805 from NEW-MODUL.IntLib
Replace Part Tr1 Transformer in C:\Users\Vlad\Desktop\blok\Main_scheme.SchDoc with Transformer from Components.SchLib
Replace Part VR1 PDB181-K420K-105A2 in C:\Users\Vlad\Desktop\blok\Main_scheme.SchDoc with PDB181-K420K-105A2 from SamacSys.SchLib
Replace Part VR2 PDB181-K420K-105A2 in C:\Users\Vlad\Desktop\blok\Main_scheme.SchDoc with PDB181-K420K-105A2 from SamacSys.SchLib
Replace Part X1 KLEMMNIK2 in C:\Users\Vlad\Desktop\blok\Main_scheme.SchDoc with KLEMMNIK2 from NEW-MODUL.IntLib
Replace Part X2 KLEMMNIK2 in C:\Users\Vlad\Desktop\blok\Main_scheme.SchDoc with KLEMMNIK2 from NEW-MODUL.IntLib
Replace Part Z1 1N5355B in C:\Users\Vlad\Desktop\blok\Main_scheme.SchDoc with 1N5355B from SamacSys.SchLib
Replace Part Z2 1N5355B in C:\Users\Vlad\Desktop\blok\Main_scheme.SchDoc with 1N5355B from SamacSys.SchLib
